{"C:\\Users\\Manuel Vargas\\Dropbox\\Github\\Chord-Finder\\src\\js\\getChord.js": {"path":"C:\\Users\\Manuel Vargas\\Dropbox\\Github\\Chord-Finder\\src\\js\\getChord.js","statementMap":{"0":{"start":{"line":6,"column":17},"end":{"line":6,"column":19}},"1":{"start":{"line":7,"column":9},"end":{"line":7,"column":10}},"2":{"start":{"line":8,"column":15},"end":{"line":8,"column":16}},"3":{"start":{"line":13,"column":1},"end":{"line":21,"column":4}},"4":{"start":{"line":15,"column":2},"end":{"line":20,"column":3}},"5":{"start":{"line":16,"column":3},"end":{"line":16,"column":9}},"6":{"start":{"line":18,"column":7},"end":{"line":20,"column":3}},"7":{"start":{"line":19,"column":3},"end":{"line":19,"column":15}},"8":{"start":{"line":25,"column":1},"end":{"line":36,"column":2}},"9":{"start":{"line":26,"column":2},"end":{"line":26,"column":26}},"10":{"start":{"line":30,"column":2},"end":{"line":32,"column":3}},"11":{"start":{"line":31,"column":3},"end":{"line":31,"column":27}},"12":{"start":{"line":33,"column":2},"end":{"line":35,"column":3}},"13":{"start":{"line":34,"column":3},"end":{"line":34,"column":27}},"14":{"start":{"line":40,"column":21},"end":{"line":43,"column":2}},"15":{"start":{"line":42,"column":2},"end":{"line":42,"column":53}},"16":{"start":{"line":52,"column":1},"end":{"line":85,"column":2}},"17":{"start":{"line":53,"column":2},"end":{"line":79,"column":3}},"18":{"start":{"line":55,"column":3},"end":{"line":74,"column":4}},"19":{"start":{"line":57,"column":5},"end":{"line":57,"column":24}},"20":{"start":{"line":58,"column":5},"end":{"line":58,"column":11}},"21":{"start":{"line":60,"column":5},"end":{"line":60,"column":54}},"22":{"start":{"line":61,"column":5},"end":{"line":61,"column":11}},"23":{"start":{"line":63,"column":5},"end":{"line":63,"column":72}},"24":{"start":{"line":64,"column":5},"end":{"line":64,"column":11}},"25":{"start":{"line":66,"column":5},"end":{"line":66,"column":74}},"26":{"start":{"line":67,"column":5},"end":{"line":67,"column":11}},"27":{"start":{"line":69,"column":5},"end":{"line":69,"column":73}},"28":{"start":{"line":70,"column":5},"end":{"line":70,"column":11}},"29":{"start":{"line":72,"column":5},"end":{"line":72,"column":55}},"30":{"start":{"line":73,"column":5},"end":{"line":73,"column":11}},"31":{"start":{"line":77,"column":3},"end":{"line":77,"column":14}},"32":{"start":{"line":78,"column":3},"end":{"line":78,"column":35}},"33":{"start":{"line":84,"column":2},"end":{"line":84,"column":13}},"34":{"start":{"line":87,"column":1},"end":{"line":87,"column":14}},"35":{"start":{"line":89,"column":0},"end":{"line":89,"column":25}}},"fnMap":{"0":{"name":"getChord","decl":{"start":{"line":3,"column":9},"end":{"line":3,"column":17}},"loc":{"start":{"line":3,"column":44},"end":{"line":88,"column":1}},"line":3},"1":{"name":"(anonymous_1)","decl":{"start":{"line":13,"column":23},"end":{"line":13,"column":24}},"loc":{"start":{"line":13,"column":35},"end":{"line":21,"column":2}},"line":13},"2":{"name":"(anonymous_2)","decl":{"start":{"line":40,"column":21},"end":{"line":40,"column":22}},"loc":{"start":{"line":40,"column":40},"end":{"line":43,"column":2}},"line":40}},"branchMap":{"0":{"loc":{"start":{"line":15,"column":2},"end":{"line":20,"column":3}},"type":"if","locations":[{"start":{"line":15,"column":2},"end":{"line":20,"column":3}},{"start":{"line":15,"column":2},"end":{"line":20,"column":3}}],"line":15},"1":{"loc":{"start":{"line":15,"column":6},"end":{"line":15,"column":36}},"type":"binary-expr","locations":[{"start":{"line":15,"column":6},"end":{"line":15,"column":19}},{"start":{"line":15,"column":23},"end":{"line":15,"column":36}}],"line":15},"2":{"loc":{"start":{"line":18,"column":7},"end":{"line":20,"column":3}},"type":"if","locations":[{"start":{"line":18,"column":7},"end":{"line":20,"column":3}},{"start":{"line":18,"column":7},"end":{"line":20,"column":3}}],"line":18},"3":{"loc":{"start":{"line":25,"column":1},"end":{"line":36,"column":2}},"type":"if","locations":[{"start":{"line":25,"column":1},"end":{"line":36,"column":2}},{"start":{"line":25,"column":1},"end":{"line":36,"column":2}}],"line":25},"4":{"loc":{"start":{"line":30,"column":2},"end":{"line":32,"column":3}},"type":"if","locations":[{"start":{"line":30,"column":2},"end":{"line":32,"column":3}},{"start":{"line":30,"column":2},"end":{"line":32,"column":3}}],"line":30},"5":{"loc":{"start":{"line":33,"column":2},"end":{"line":35,"column":3}},"type":"if","locations":[{"start":{"line":33,"column":2},"end":{"line":35,"column":3}},{"start":{"line":33,"column":2},"end":{"line":35,"column":3}}],"line":33},"6":{"loc":{"start":{"line":52,"column":1},"end":{"line":85,"column":2}},"type":"if","locations":[{"start":{"line":52,"column":1},"end":{"line":85,"column":2}},{"start":{"line":52,"column":1},"end":{"line":85,"column":2}}],"line":52},"7":{"loc":{"start":{"line":55,"column":3},"end":{"line":74,"column":4}},"type":"switch","locations":[{"start":{"line":56,"column":4},"end":{"line":58,"column":11}},{"start":{"line":59,"column":4},"end":{"line":61,"column":11}},{"start":{"line":62,"column":4},"end":{"line":64,"column":11}},{"start":{"line":65,"column":4},"end":{"line":67,"column":11}},{"start":{"line":68,"column":4},"end":{"line":70,"column":11}},{"start":{"line":71,"column":4},"end":{"line":73,"column":11}}],"line":55}},"s":{"0":1,"1":1,"2":1,"3":1,"4":3,"5":3,"6":0,"7":0,"8":1,"9":1,"10":0,"11":0,"12":0,"13":0,"14":1,"15":1,"16":1,"17":1,"18":1,"19":0,"20":0,"21":0,"22":0,"23":0,"24":0,"25":1,"26":1,"27":0,"28":0,"29":0,"30":0,"31":0,"32":0,"33":0,"34":1,"35":1},"f":{"0":1,"1":3,"2":1},"b":{"0":[3,0],"1":[3,1],"2":[0,0],"3":[1,0],"4":[0,0],"5":[0,0],"6":[1,0],"7":[0,0,0,1,0,0]},"_coverageSchema":"332fd63041d2c1bcb487cc26dd0d5f7d97098a6c","hash":"0f7ce63556d06a924fb77a4fcefb278ff25820cd"}
,"C:\\Users\\Manuel Vargas\\Dropbox\\Github\\Chord-Finder\\src\\js\\getInterval.js": {"path":"C:\\Users\\Manuel Vargas\\Dropbox\\Github\\Chord-Finder\\src\\js\\getInterval.js","statementMap":{"0":{"start":{"line":2,"column":16},"end":{"line":2,"column":71}},"1":{"start":{"line":3,"column":1},"end":{"line":3,"column":41}},"2":{"start":{"line":4,"column":1},"end":{"line":4,"column":16}},"3":{"start":{"line":6,"column":0},"end":{"line":6,"column":28}}},"fnMap":{"0":{"name":"getInterval","decl":{"start":{"line":1,"column":9},"end":{"line":1,"column":20}},"loc":{"start":{"line":1,"column":41},"end":{"line":5,"column":1}},"line":1}},"branchMap":{},"s":{"0":1,"1":0,"2":0,"3":2},"f":{"0":1},"b":{},"_coverageSchema":"332fd63041d2c1bcb487cc26dd0d5f7d97098a6c","hash":"a031e59d9debaad5f6fe323afb54e5a881b73547"}
,"C:\\Users\\Manuel Vargas\\Dropbox\\Github\\Chord-Finder\\src\\js\\getNoteChord.js": {"path":"C:\\Users\\Manuel Vargas\\Dropbox\\Github\\Chord-Finder\\src\\js\\getNoteChord.js","statementMap":{"0":{"start":{"line":4,"column":4},"end":{"line":7,"column":10}},"1":{"start":{"line":6,"column":12},"end":{"line":6,"column":34}},"2":{"start":{"line":11,"column":4},"end":{"line":13,"column":44}},"3":{"start":{"line":13,"column":21},"end":{"line":13,"column":42}},"4":{"start":{"line":16,"column":0},"end":{"line":19,"column":1}}},"fnMap":{"0":{"name":"getNoteChord","decl":{"start":{"line":2,"column":9},"end":{"line":2,"column":21}},"loc":{"start":{"line":2,"column":31},"end":{"line":8,"column":1}},"line":2},"1":{"name":"(anonymous_1)","decl":{"start":{"line":5,"column":13},"end":{"line":5,"column":14}},"loc":{"start":{"line":5,"column":26},"end":{"line":7,"column":9}},"line":5},"2":{"name":"getNoteId","decl":{"start":{"line":10,"column":9},"end":{"line":10,"column":18}},"loc":{"start":{"line":10,"column":26},"end":{"line":14,"column":1}},"line":10},"3":{"name":"(anonymous_3)","decl":{"start":{"line":13,"column":14},"end":{"line":13,"column":15}},"loc":{"start":{"line":13,"column":21},"end":{"line":13,"column":42}},"line":13}},"branchMap":{},"s":{"0":0,"1":0,"2":0,"3":0,"4":1},"f":{"0":0,"1":0,"2":0,"3":0},"b":{},"_coverageSchema":"332fd63041d2c1bcb487cc26dd0d5f7d97098a6c","hash":"4b2497b543cf2e1e6bfb352a5b3ee9f79b206b12"}
,"C:\\Users\\Manuel Vargas\\Dropbox\\Github\\Chord-Finder\\src\\js\\getUserIntervals.js": {"path":"C:\\Users\\Manuel Vargas\\Dropbox\\Github\\Chord-Finder\\src\\js\\getUserIntervals.js","statementMap":{"0":{"start":{"line":3,"column":1},"end":{"line":3,"column":53}},"1":{"start":{"line":5,"column":13},"end":{"line":5,"column":14}},"2":{"start":{"line":6,"column":14},"end":{"line":6,"column":16}},"3":{"start":{"line":7,"column":21},"end":{"line":7,"column":41}},"4":{"start":{"line":10,"column":1},"end":{"line":19,"column":2}},"5":{"start":{"line":11,"column":2},"end":{"line":16,"column":3}},"6":{"start":{"line":17,"column":2},"end":{"line":17,"column":20}},"7":{"start":{"line":18,"column":2},"end":{"line":18,"column":9}},"8":{"start":{"line":20,"column":1},"end":{"line":20,"column":17}},"9":{"start":{"line":22,"column":0},"end":{"line":22,"column":33}}},"fnMap":{"0":{"name":"getUserIntervals","decl":{"start":{"line":2,"column":9},"end":{"line":2,"column":25}},"loc":{"start":{"line":2,"column":37},"end":{"line":21,"column":1}},"line":2}},"branchMap":{},"s":{"0":1,"1":1,"2":1,"3":1,"4":1,"5":1,"6":0,"7":0,"8":0,"9":1},"f":{"0":1},"b":{},"_coverageSchema":"332fd63041d2c1bcb487cc26dd0d5f7d97098a6c","hash":"6c659453a7e24dac46171a44701bbe07c305181c"}
,"C:\\Users\\Manuel Vargas\\Dropbox\\Github\\Chord-Finder\\src\\js\\updateChord.js": {"path":"C:\\Users\\Manuel Vargas\\Dropbox\\Github\\Chord-Finder\\src\\js\\updateChord.js","statementMap":{"0":{"start":{"line":5,"column":21},"end":{"line":5,"column":58}},"1":{"start":{"line":8,"column":1},"end":{"line":8,"column":41}},"2":{"start":{"line":10,"column":0},"end":{"line":10,"column":28}}},"fnMap":{"0":{"name":"updateChord","decl":{"start":{"line":2,"column":9},"end":{"line":2,"column":20}},"loc":{"start":{"line":2,"column":31},"end":{"line":9,"column":1}},"line":2}},"branchMap":{},"s":{"0":1,"1":0,"2":1},"f":{"0":1},"b":{},"_coverageSchema":"332fd63041d2c1bcb487cc26dd0d5f7d97098a6c","hash":"33c696cc74dc3e04f4a97e3935a936a5b2f2ec9d"}
}
