TN:
SF:C:\Users\Manuel Vargas\Dropbox\Github\Chord-Finder\src\js\getChord.js
FN:3,getChord
FN:13,(anonymous_1)
FN:40,(anonymous_2)
FNF:3
FNH:3
FNDA:1,getChord
FNDA:3,(anonymous_1)
FNDA:1,(anonymous_2)
DA:6,1
DA:7,1
DA:8,1
DA:13,1
DA:15,3
DA:16,3
DA:18,0
DA:19,0
DA:25,1
DA:26,1
DA:30,0
DA:31,0
DA:33,0
DA:34,0
DA:40,1
DA:42,1
DA:52,1
DA:53,1
DA:55,1
DA:57,0
DA:58,0
DA:60,0
DA:61,0
DA:63,0
DA:64,0
DA:66,1
DA:67,1
DA:69,0
DA:70,0
DA:72,0
DA:73,0
DA:77,0
DA:78,0
DA:84,0
DA:87,1
DA:89,1
LF:36
LH:17
BRDA:15,0,0,3
BRDA:15,0,1,0
BRDA:15,1,0,3
BRDA:15,1,1,1
BRDA:18,2,0,0
BRDA:18,2,1,0
BRDA:25,3,0,1
BRDA:25,3,1,0
BRDA:30,4,0,0
BRDA:30,4,1,0
BRDA:33,5,0,0
BRDA:33,5,1,0
BRDA:52,6,0,1
BRDA:52,6,1,0
BRDA:55,7,0,0
BRDA:55,7,1,0
BRDA:55,7,2,0
BRDA:55,7,3,1
BRDA:55,7,4,0
BRDA:55,7,5,0
BRF:20
BRH:6
end_of_record
TN:
SF:C:\Users\Manuel Vargas\Dropbox\Github\Chord-Finder\src\js\getInterval.js
FN:1,getInterval
FNF:1
FNH:1
FNDA:1,getInterval
DA:2,1
DA:3,0
DA:4,0
DA:6,2
LF:4
LH:2
BRF:0
BRH:0
end_of_record
TN:
SF:C:\Users\Manuel Vargas\Dropbox\Github\Chord-Finder\src\js\getNoteChord.js
FN:2,getNoteChord
FN:5,(anonymous_1)
FN:10,getNoteId
FN:13,(anonymous_3)
FNF:4
FNH:0
FNDA:0,getNoteChord
FNDA:0,(anonymous_1)
FNDA:0,getNoteId
FNDA:0,(anonymous_3)
DA:4,0
DA:6,0
DA:11,0
DA:13,0
DA:16,1
LF:5
LH:1
BRF:0
BRH:0
end_of_record
TN:
SF:C:\Users\Manuel Vargas\Dropbox\Github\Chord-Finder\src\js\getUserIntervals.js
FN:2,getUserIntervals
FNF:1
FNH:1
FNDA:1,getUserIntervals
DA:3,1
DA:5,1
DA:6,1
DA:7,1
DA:10,1
DA:11,1
DA:17,0
DA:18,0
DA:20,0
DA:22,1
LF:10
LH:7
BRF:0
BRH:0
end_of_record
TN:
SF:C:\Users\Manuel Vargas\Dropbox\Github\Chord-Finder\src\js\updateChord.js
FN:2,updateChord
FNF:1
FNH:1
FNDA:1,updateChord
DA:5,1
DA:8,0
DA:10,1
LF:3
LH:2
BRF:0
BRH:0
end_of_record
