TN:
SF:C:\Users\Manuel Vargas\Dropbox\Github\Chord-Finder\src\js\getChord.js
FN:5,getChord
FN:15,(anonymous_1)
FN:42,(anonymous_2)
FNF:3
FNH:3
FNDA:1,getChord
FNDA:3,(anonymous_1)
FNDA:1,(anonymous_2)
DA:8,1
DA:9,1
DA:10,1
DA:15,1
DA:17,3
DA:18,3
DA:20,0
DA:21,0
DA:27,1
DA:28,1
DA:32,0
DA:33,0
DA:35,0
DA:36,0
DA:42,1
DA:44,1
DA:54,1
DA:55,1
DA:57,1
DA:59,0
DA:60,0
DA:62,0
DA:63,0
DA:65,0
DA:66,0
DA:68,1
DA:69,1
DA:71,0
DA:72,0
DA:74,0
DA:75,0
DA:79,0
DA:80,0
DA:86,0
DA:89,1
DA:91,1
LF:36
LH:17
BRDA:17,0,0,3
BRDA:17,0,1,0
BRDA:17,1,0,3
BRDA:17,1,1,1
BRDA:20,2,0,0
BRDA:20,2,1,0
BRDA:27,3,0,1
BRDA:27,3,1,0
BRDA:32,4,0,0
BRDA:32,4,1,0
BRDA:35,5,0,0
BRDA:35,5,1,0
BRDA:54,6,0,1
BRDA:54,6,1,0
BRDA:57,7,0,0
BRDA:57,7,1,0
BRDA:57,7,2,0
BRDA:57,7,3,1
BRDA:57,7,4,0
BRDA:57,7,5,0
BRF:20
BRH:6
end_of_record
TN:
SF:C:\Users\Manuel Vargas\Dropbox\Github\Chord-Finder\src\js\getInterval.js
FN:1,getInterval
FNF:1
FNH:1
FNDA:1,getInterval
DA:2,1
DA:3,0
DA:4,0
DA:6,2
LF:4
LH:2
BRF:0
BRH:0
end_of_record
TN:
SF:C:\Users\Manuel Vargas\Dropbox\Github\Chord-Finder\src\js\getNoteChord.js
FN:2,getNoteChord
FN:5,(anonymous_1)
FNF:2
FNH:2
FNDA:1,getNoteChord
FNDA:3,(anonymous_1)
DA:4,1
DA:6,3
DA:10,1
LF:3
LH:3
BRF:0
BRH:0
end_of_record
TN:
SF:C:\Users\Manuel Vargas\Dropbox\Github\Chord-Finder\src\js\getNoteId.js
FN:1,getNoteId
FN:4,(anonymous_1)
FNF:2
FNH:2
FNDA:1,getNoteId
FNDA:1,(anonymous_1)
DA:2,1
DA:4,1
DA:7,1
LF:3
LH:3
BRF:0
BRH:0
end_of_record
TN:
SF:C:\Users\Manuel Vargas\Dropbox\Github\Chord-Finder\src\js\getUserIntervals.js
FN:2,getUserIntervals
FNF:1
FNH:1
FNDA:1,getUserIntervals
DA:3,1
DA:5,1
DA:6,1
DA:7,1
DA:10,1
DA:11,1
DA:17,0
DA:18,0
DA:20,0
DA:22,1
LF:10
LH:7
BRF:0
BRH:0
end_of_record
TN:
SF:C:\Users\Manuel Vargas\Dropbox\Github\Chord-Finder\src\js\updateChord.js
FN:2,updateChord
FNF:1
FNH:1
FNDA:1,updateChord
DA:5,1
DA:8,0
DA:10,1
LF:3
LH:2
BRF:0
BRH:0
end_of_record
